TN:
SF:server/src/domain/helpers/calculate-next-position.js
FN:1,(anonymous_0)
FNF:1
FNH:1
FNDA:25,(anonymous_0)
DA:1,3
DA:2,25
DA:4,25
DA:7,4
DA:8,1
DA:10,3
DA:11,1
DA:13,2
DA:14,1
DA:16,1
DA:19,8
DA:20,2
DA:22,6
DA:23,2
DA:25,4
DA:26,2
DA:28,2
DA:31,12
DA:32,4
DA:34,8
DA:35,3
DA:37,5
DA:38,3
DA:40,2
DA:43,1
LF:25
LH:25
BRDA:4,0,0,4
BRDA:4,0,1,8
BRDA:4,0,2,12
BRDA:4,0,3,1
BRDA:7,1,0,1
BRDA:7,1,1,3
BRDA:10,2,0,1
BRDA:10,2,1,2
BRDA:13,3,0,1
BRDA:13,3,1,1
BRDA:19,4,0,2
BRDA:19,4,1,6
BRDA:22,5,0,2
BRDA:22,5,1,4
BRDA:25,6,0,2
BRDA:25,6,1,2
BRDA:31,7,0,4
BRDA:31,7,1,8
BRDA:34,8,0,3
BRDA:34,8,1,5
BRDA:37,9,0,3
BRDA:37,9,1,2
BRF:22
BRH:22
end_of_record
TN:
SF:server/src/domain/helpers/validate-compass-point.js
FN:2,(anonymous_0)
FNF:1
FNH:1
FNDA:2,(anonymous_0)
DA:1,2
DA:2,2
LF:2
LH:2
BRF:0
BRH:0
end_of_record
TN:
SF:server/src/domain/use-cases/calculate-final-position.use-case.js
FN:4,(anonymous_0)
FN:8,(anonymous_1)
FN:23,(anonymous_2)
FNF:3
FNH:3
FNDA:5,(anonymous_0)
FNDA:38,(anonymous_1)
FNDA:24,(anonymous_2)
DA:1,2
DA:3,2
DA:4,2
DA:5,5
DA:7,5
DA:8,38
DA:11,5
DA:12,1
DA:14,1
DA:17,4
DA:19,4
DA:21,4
DA:23,4
DA:24,24
DA:26,24
DA:28,24
DA:29,1
DA:31,1
DA:34,23
DA:35,1
DA:37,1
DA:41,2
LF:22
LH:22
BRDA:11,0,0,1
BRDA:11,0,1,4
BRDA:28,1,0,1
BRDA:28,1,1,23
BRDA:28,2,0,24
BRDA:28,2,1,23
BRDA:34,3,0,1
BRDA:34,3,1,22
BRDA:34,4,0,23
BRDA:34,4,1,22
BRF:10
BRH:10
end_of_record
TN:
SF:server/src/domain/use-cases/set-initial-position.use-case.js
FN:3,(anonymous_0)
FNF:1
FNH:1
FNDA:4,(anonymous_0)
DA:1,2
DA:3,2
DA:4,4
DA:6,4
DA:8,4
DA:10,4
DA:11,1
DA:13,1
DA:16,3
DA:17,1
DA:19,1
DA:22,2
DA:24,2
DA:25,1
DA:27,1
DA:30,1
LF:16
LH:16
BRDA:10,0,0,1
BRDA:10,0,1,3
BRDA:10,1,0,4
BRDA:10,1,1,4
BRDA:16,2,0,1
BRDA:16,2,1,2
BRDA:16,3,0,3
BRDA:16,3,1,2
BRDA:24,4,0,1
BRDA:24,4,1,1
BRF:10
BRH:10
end_of_record
TN:
SF:server/src/domain/use-cases/set-plateau-size.use-case.js
FN:1,(anonymous_0)
FNF:1
FNH:1
FNDA:3,(anonymous_0)
DA:1,2
DA:2,3
DA:3,3
DA:4,1
DA:6,1
DA:9,2
DA:10,1
DA:12,1
DA:15,1
LF:9
LH:9
BRDA:3,0,0,1
BRDA:3,0,1,2
BRDA:9,1,0,1
BRDA:9,1,1,1
BRF:4
BRH:4
end_of_record
TN:
SF:server/src/presentation/api/calculate-final-position.js
FN:17,(anonymous_0)
FN:29,(anonymous_1)
FN:29,(anonymous_2)
FNF:3
FNH:3
FNDA:6,(anonymous_0)
FNDA:2,(anonymous_1)
FNDA:6,(anonymous_2)
DA:1,2
DA:2,2
DA:4,2
DA:17,2
DA:18,6
DA:19,6
DA:24,1
DA:25,1
DA:29,2
DA:30,6
DA:31,6
DA:32,5
DA:33,2
DA:35,4
DA:39,2
DA:41,2
LF:16
LH:16
BRF:0
BRH:0
end_of_record
TN:
SF:server/src/presentation/api/set-initial-position.js
FN:16,(anonymous_0)
FN:28,(anonymous_1)
FN:28,(anonymous_2)
FNF:3
FNH:3
FNDA:5,(anonymous_0)
FNDA:2,(anonymous_1)
FNDA:5,(anonymous_2)
DA:1,2
DA:2,2
DA:4,2
DA:16,2
DA:17,5
DA:18,5
DA:23,1
DA:24,1
DA:28,2
DA:29,5
DA:30,5
DA:31,4
DA:32,1
DA:34,4
DA:38,2
DA:40,2
LF:16
LH:16
BRF:0
BRH:0
end_of_record
TN:
SF:server/src/presentation/api/set-plateau-size.js
FN:9,(anonymous_0)
FN:21,(anonymous_1)
FN:21,(anonymous_2)
FNF:3
FNH:3
FNDA:4,(anonymous_0)
FNDA:2,(anonymous_1)
FNDA:4,(anonymous_2)
DA:1,2
DA:2,2
DA:4,2
DA:9,2
DA:10,4
DA:11,4
DA:16,1
DA:17,1
DA:21,2
DA:22,4
DA:23,4
DA:24,3
DA:25,1
DA:27,3
DA:31,2
DA:33,2
LF:16
LH:16
BRF:0
BRH:0
end_of_record
