<?xml version="1.0" encoding="UTF-8"?>
<coverage generated="1646794795386" clover="3.2.0">
  <project timestamp="1646794795387" name="All files">
    <metrics statements="69" coveredstatements="67" conditionals="25" coveredconditionals="24" methods="22" coveredmethods="21" elements="116" coveredelements="112" complexity="0" loc="69" ncloc="69" packages="3" files="9" classes="9"/>
    <package name="src">
      <metrics statements="64" coveredstatements="62" conditionals="25" coveredconditionals="24" methods="22" coveredmethods="21"/>
      <file name="App.js" path="/Users/benjamindelpiano/Downloads/fullstack-take-home-2-master/client/src/App.js">
        <metrics statements="14" coveredstatements="14" conditionals="6" coveredconditionals="6" methods="4" coveredmethods="4"/>
        <line num="9" count="1" type="stmt"/>
        <line num="14" count="1" type="stmt"/>
        <line num="15" count="4" type="stmt"/>
        <line num="16" count="4" type="stmt"/>
        <line num="21" count="4" type="stmt"/>
        <line num="28" count="4" type="stmt"/>
        <line num="35" count="4" type="stmt"/>
        <line num="36" count="1" type="stmt"/>
        <line num="37" count="1" type="stmt"/>
        <line num="38" count="1" type="stmt"/>
        <line num="39" count="1" type="stmt"/>
        <line num="42" count="4" type="stmt"/>
        <line num="57" count="5" type="cond" truecount="2" falsecount="0"/>
        <line num="66" count="1" type="stmt"/>
      </file>
      <file name="insert-instructions.js" path="/Users/benjamindelpiano/Downloads/fullstack-take-home-2-master/client/src/insert-instructions.js">
        <metrics statements="15" coveredstatements="13" conditionals="2" coveredconditionals="1" methods="5" coveredmethods="4"/>
        <line num="7" count="2" type="stmt"/>
        <line num="8" count="9" type="stmt"/>
        <line num="10" count="9" type="stmt"/>
        <line num="12" count="9" type="stmt"/>
        <line num="14" count="9" type="stmt"/>
        <line num="15" count="2" type="stmt"/>
        <line num="16" count="2" type="stmt"/>
        <line num="17" count="2" type="cond" truecount="1" falsecount="1"/>
        <line num="18" count="0" type="stmt"/>
        <line num="20" count="2" type="stmt"/>
        <line num="21" count="2" type="stmt"/>
        <line num="22" count="0" type="stmt"/>
        <line num="27" count="2" type="stmt"/>
        <line num="31" count="9" type="stmt"/>
        <line num="35" count="2" type="stmt"/>
      </file>
      <file name="select-initial-position.js" path="/Users/benjamindelpiano/Downloads/fullstack-take-home-2-master/client/src/select-initial-position.js">
        <metrics statements="19" coveredstatements="19" conditionals="9" coveredconditionals="9" methods="7" coveredmethods="7"/>
        <line num="8" count="2" type="stmt"/>
        <line num="11" count="9" type="stmt"/>
        <line num="13" count="9" type="stmt"/>
        <line num="14" count="9" type="stmt"/>
        <line num="16" count="9" type="stmt"/>
        <line num="17" count="5" type="stmt"/>
        <line num="18" count="5" type="cond" truecount="5" falsecount="0"/>
        <line num="19" count="2" type="stmt"/>
        <line num="21" count="3" type="stmt"/>
        <line num="22" count="3" type="stmt"/>
        <line num="23" count="3" type="stmt"/>
        <line num="34" count="3" type="stmt"/>
        <line num="35" count="1" type="stmt"/>
        <line num="40" count="1" type="stmt"/>
        <line num="41" count="2" type="stmt"/>
        <line num="45" count="9" type="stmt"/>
        <line num="48" count="1" type="stmt"/>
        <line num="50" count="1" type="stmt"/>
        <line num="53" count="1" type="stmt"/>
      </file>
      <file name="select-size.js" path="/Users/benjamindelpiano/Downloads/fullstack-take-home-2-master/client/src/select-size.js">
        <metrics statements="16" coveredstatements="16" conditionals="8" coveredconditionals="8" methods="6" coveredmethods="6"/>
        <line num="7" count="2" type="stmt"/>
        <line num="8" count="9" type="stmt"/>
        <line num="9" count="9" type="stmt"/>
        <line num="11" count="9" type="stmt"/>
        <line num="12" count="4" type="stmt"/>
        <line num="13" count="4" type="stmt"/>
        <line num="14" count="4" type="cond" truecount="4" falsecount="0"/>
        <line num="15" count="1" type="stmt"/>
        <line num="17" count="3" type="stmt"/>
        <line num="18" count="3" type="stmt"/>
        <line num="19" count="1" type="stmt"/>
        <line num="25" count="1" type="stmt"/>
        <line num="26" count="2" type="stmt"/>
        <line num="30" count="9" type="stmt"/>
        <line num="34" count="1" type="stmt"/>
        <line num="36" count="1" type="stmt"/>
      </file>
    </package>
    <package name="src.components">
      <metrics statements="4" coveredstatements="4" conditionals="0" coveredconditionals="0" methods="0" coveredmethods="0"/>
      <file name="custom-input.js" path="/Users/benjamindelpiano/Downloads/fullstack-take-home-2-master/client/src/components/custom-input.js">
        <metrics statements="1" coveredstatements="1" conditionals="0" coveredconditionals="0" methods="0" coveredmethods="0"/>
        <line num="3" count="4" type="stmt"/>
      </file>
      <file name="error.js" path="/Users/benjamindelpiano/Downloads/fullstack-take-home-2-master/client/src/components/error.js">
        <metrics statements="1" coveredstatements="1" conditionals="0" coveredconditionals="0" methods="0" coveredmethods="0"/>
        <line num="3" count="4" type="stmt"/>
      </file>
      <file name="form-container.js" path="/Users/benjamindelpiano/Downloads/fullstack-take-home-2-master/client/src/components/form-container.js">
        <metrics statements="1" coveredstatements="1" conditionals="0" coveredconditionals="0" methods="0" coveredmethods="0"/>
        <line num="3" count="4" type="stmt"/>
      </file>
      <file name="select.js" path="/Users/benjamindelpiano/Downloads/fullstack-take-home-2-master/client/src/components/select.js">
        <metrics statements="1" coveredstatements="1" conditionals="0" coveredconditionals="0" methods="0" coveredmethods="0"/>
        <line num="3" count="2" type="stmt"/>
      </file>
    </package>
    <package name="src.gateways">
      <metrics statements="1" coveredstatements="1" conditionals="0" coveredconditionals="0" methods="0" coveredmethods="0"/>
      <file name="axiosClient.js" path="/Users/benjamindelpiano/Downloads/fullstack-take-home-2-master/client/src/gateways/axiosClient.js">
        <metrics statements="1" coveredstatements="1" conditionals="0" coveredconditionals="0" methods="0" coveredmethods="0"/>
        <line num="3" count="4" type="stmt"/>
      </file>
    </package>
  </project>
</coverage>
