{"/Users/benjamindelpiano/Downloads/fullstack-take-home-2-master/client/src/App.js": {"path":"/Users/benjamindelpiano/Downloads/fullstack-take-home-2-master/client/src/App.js","statementMap":{"0":{"start":{"line":9,"column":17},"end":{"line":12,"column":1}},"1":{"start":{"line":14,"column":12},"end":{"line":69,"column":1}},"2":{"start":{"line":15,"column":28},"end":{"line":15,"column":45}},"3":{"start":{"line":16,"column":68},"end":{"line":19,"column":4}},"4":{"start":{"line":21,"column":34},"end":{"line":26,"column":4}},"5":{"start":{"line":28,"column":30},"end":{"line":33,"column":4}},"6":{"start":{"line":35,"column":26},"end":{"line":40,"column":3}},"7":{"start":{"line":36,"column":4},"end":{"line":36,"column":16}},"8":{"start":{"line":37,"column":4},"end":{"line":37,"column":99}},"9":{"start":{"line":38,"column":4},"end":{"line":38,"column":69}},"10":{"start":{"line":39,"column":4},"end":{"line":39,"column":66}},"11":{"start":{"line":42,"column":2},"end":{"line":68,"column":4}},"12":{"start":{"line":57,"column":46},"end":{"line":57,"column":58}},"13":{"start":{"line":66,"column":39},"end":{"line":66,"column":56}}},"fnMap":{"0":{"name":"(anonymous_0)","decl":{"start":{"line":14,"column":12},"end":{"line":14,"column":13}},"loc":{"start":{"line":14,"column":18},"end":{"line":69,"column":1}},"line":14},"1":{"name":"(anonymous_1)","decl":{"start":{"line":35,"column":26},"end":{"line":35,"column":27}},"loc":{"start":{"line":35,"column":32},"end":{"line":40,"column":3}},"line":35},"2":{"name":"(anonymous_2)","decl":{"start":{"line":57,"column":35},"end":{"line":57,"column":36}},"loc":{"start":{"line":57,"column":46},"end":{"line":57,"column":58}},"line":57},"3":{"name":"(anonymous_3)","decl":{"start":{"line":66,"column":33},"end":{"line":66,"column":34}},"loc":{"start":{"line":66,"column":39},"end":{"line":66,"column":56}},"line":66}},"branchMap":{"0":{"loc":{"start":{"line":48,"column":4},"end":{"line":56,"column":36}},"type":"cond-expr","locations":[{"start":{"line":48,"column":18},"end":{"line":50,"column":86}},{"start":{"line":51,"column":8},"end":{"line":56,"column":35}}],"line":48},"1":{"loc":{"start":{"line":51,"column":8},"end":{"line":56,"column":35}},"type":"cond-expr","locations":[{"start":{"line":51,"column":22},"end":{"line":53,"column":73}},{"start":{"line":54,"column":7},"end":{"line":56,"column":35}}],"line":51},"2":{"loc":{"start":{"line":57,"column":7},"end":{"line":65,"column":16}},"type":"cond-expr","locations":[{"start":{"line":59,"column":8},"end":{"line":64,"column":11}},{"start":{"line":65,"column":12},"end":{"line":65,"column":16}}],"line":57}},"s":{"0":1,"1":1,"2":4,"3":4,"4":4,"5":4,"6":4,"7":1,"8":1,"9":1,"10":1,"11":4,"12":5,"13":1},"f":{"0":4,"1":1,"2":5,"3":1},"b":{"0":[2,2],"1":[1,1],"2":[2,2]},"_coverageSchema":"1a1c01bbd47fc00a2c39e90264f33305004495a9","hash":"80f8eb950a71ec72feb0bce16be00193ca57b016"}
,"/Users/benjamindelpiano/Downloads/fullstack-take-home-2-master/client/src/insert-instructions.js": {"path":"/Users/benjamindelpiano/Downloads/fullstack-take-home-2-master/client/src/insert-instructions.js","statementMap":{"0":{"start":{"line":7,"column":27},"end":{"line":39,"column":1}},"1":{"start":{"line":8,"column":28},"end":{"line":8,"column":46}},"2":{"start":{"line":9,"column":42},"end":{"line":9,"column":60}},"3":{"start":{"line":11,"column":23},"end":{"line":25,"column":3}},"4":{"start":{"line":12,"column":4},"end":{"line":12,"column":27}},"5":{"start":{"line":13,"column":4},"end":{"line":24,"column":5}},"6":{"start":{"line":14,"column":6},"end":{"line":14,"column":57}},"7":{"start":{"line":16,"column":6},"end":{"line":16,"column":19}},"8":{"start":{"line":17,"column":6},"end":{"line":23,"column":57}},"9":{"start":{"line":18,"column":8},"end":{"line":22,"column":11}},"10":{"start":{"line":23,"column":24},"end":{"line":23,"column":55}},"11":{"start":{"line":27,"column":2},"end":{"line":38,"column":4}},"12":{"start":{"line":33,"column":25},"end":{"line":33,"column":70}}},"fnMap":{"0":{"name":"(anonymous_0)","decl":{"start":{"line":7,"column":27},"end":{"line":7,"column":28}},"loc":{"start":{"line":7,"column":83},"end":{"line":39,"column":1}},"line":7},"1":{"name":"(anonymous_1)","decl":{"start":{"line":11,"column":23},"end":{"line":11,"column":24}},"loc":{"start":{"line":11,"column":34},"end":{"line":25,"column":3}},"line":11},"2":{"name":"(anonymous_2)","decl":{"start":{"line":17,"column":97},"end":{"line":17,"column":98}},"loc":{"start":{"line":17,"column":106},"end":{"line":23,"column":7}},"line":17},"3":{"name":"(anonymous_3)","decl":{"start":{"line":23,"column":15},"end":{"line":23,"column":16}},"loc":{"start":{"line":23,"column":24},"end":{"line":23,"column":55}},"line":23},"4":{"name":"(anonymous_4)","decl":{"start":{"line":33,"column":18},"end":{"line":33,"column":19}},"loc":{"start":{"line":33,"column":25},"end":{"line":33,"column":70}},"line":33}},"branchMap":{"0":{"loc":{"start":{"line":13,"column":4},"end":{"line":24,"column":5}},"type":"if","locations":[{"start":{"line":13,"column":4},"end":{"line":24,"column":5}},{"start":{"line":13,"column":4},"end":{"line":24,"column":5}}],"line":13},"1":{"loc":{"start":{"line":35,"column":9},"end":{"line":35,"column":58}},"type":"cond-expr","locations":[{"start":{"line":35,"column":17},"end":{"line":35,"column":51}},{"start":{"line":35,"column":54},"end":{"line":35,"column":58}}],"line":35}},"s":{"0":2,"1":7,"2":7,"3":7,"4":3,"5":3,"6":1,"7":2,"8":2,"9":1,"10":1,"11":7,"12":1},"f":{"0":7,"1":3,"2":1,"3":1,"4":1},"b":{"0":[1,2],"1":[3,4]},"_coverageSchema":"1a1c01bbd47fc00a2c39e90264f33305004495a9","hash":"84273a30dd10dd25f4392d1af98ebe3e1a253cc8"}
,"/Users/benjamindelpiano/Downloads/fullstack-take-home-2-master/client/src/select-initial-position.js": {"path":"/Users/benjamindelpiano/Downloads/fullstack-take-home-2-master/client/src/select-initial-position.js","statementMap":{"0":{"start":{"line":8,"column":30},"end":{"line":65,"column":1}},"1":{"start":{"line":11,"column":28},"end":{"line":11,"column":46}},"2":{"start":{"line":13,"column":49},"end":{"line":13,"column":57}},"3":{"start":{"line":14,"column":67},"end":{"line":14,"column":92}},"4":{"start":{"line":16,"column":23},"end":{"line":43,"column":3}},"5":{"start":{"line":17,"column":4},"end":{"line":17,"column":27}},"6":{"start":{"line":18,"column":4},"end":{"line":42,"column":5}},"7":{"start":{"line":19,"column":6},"end":{"line":19,"column":66}},"8":{"start":{"line":21,"column":6},"end":{"line":21,"column":19}},"9":{"start":{"line":22,"column":6},"end":{"line":22,"column":18}},"10":{"start":{"line":23,"column":19},"end":{"line":33,"column":7}},"11":{"start":{"line":34,"column":6},"end":{"line":41,"column":57}},"12":{"start":{"line":35,"column":8},"end":{"line":39,"column":11}},"13":{"start":{"line":40,"column":8},"end":{"line":40,"column":20}},"14":{"start":{"line":41,"column":24},"end":{"line":41,"column":55}},"15":{"start":{"line":45,"column":2},"end":{"line":64,"column":4}},"16":{"start":{"line":49,"column":25},"end":{"line":49,"column":80}},"17":{"start":{"line":52,"column":25},"end":{"line":52,"column":80}},"18":{"start":{"line":55,"column":22},"end":{"line":55,"column":80}}},"fnMap":{"0":{"name":"(anonymous_0)","decl":{"start":{"line":8,"column":30},"end":{"line":8,"column":31}},"loc":{"start":{"line":10,"column":6},"end":{"line":65,"column":1}},"line":10},"1":{"name":"(anonymous_1)","decl":{"start":{"line":16,"column":23},"end":{"line":16,"column":24}},"loc":{"start":{"line":16,"column":34},"end":{"line":43,"column":3}},"line":16},"2":{"name":"(anonymous_2)","decl":{"start":{"line":34,"column":54},"end":{"line":34,"column":55}},"loc":{"start":{"line":34,"column":63},"end":{"line":41,"column":7}},"line":34},"3":{"name":"(anonymous_3)","decl":{"start":{"line":41,"column":15},"end":{"line":41,"column":16}},"loc":{"start":{"line":41,"column":24},"end":{"line":41,"column":55}},"line":41},"4":{"name":"(anonymous_4)","decl":{"start":{"line":49,"column":18},"end":{"line":49,"column":19}},"loc":{"start":{"line":49,"column":25},"end":{"line":49,"column":80}},"line":49},"5":{"name":"(anonymous_5)","decl":{"start":{"line":52,"column":18},"end":{"line":52,"column":19}},"loc":{"start":{"line":52,"column":25},"end":{"line":52,"column":80}},"line":52},"6":{"name":"(anonymous_6)","decl":{"start":{"line":55,"column":15},"end":{"line":55,"column":16}},"loc":{"start":{"line":55,"column":22},"end":{"line":55,"column":80}},"line":55}},"branchMap":{"0":{"loc":{"start":{"line":18,"column":4},"end":{"line":42,"column":5}},"type":"if","locations":[{"start":{"line":18,"column":4},"end":{"line":42,"column":5}},{"start":{"line":18,"column":4},"end":{"line":42,"column":5}}],"line":18},"1":{"loc":{"start":{"line":18,"column":8},"end":{"line":18,"column":49}},"type":"binary-expr","locations":[{"start":{"line":18,"column":8},"end":{"line":18,"column":18}},{"start":{"line":18,"column":22},"end":{"line":18,"column":32}},{"start":{"line":18,"column":36},"end":{"line":18,"column":49}}],"line":18},"2":{"loc":{"start":{"line":61,"column":89},"end":{"line":61,"column":113}},"type":"binary-expr","locations":[{"start":{"line":61,"column":89},"end":{"line":61,"column":99}},{"start":{"line":61,"column":103},"end":{"line":61,"column":113}}],"line":61},"3":{"loc":{"start":{"line":62,"column":9},"end":{"line":62,"column":58}},"type":"cond-expr","locations":[{"start":{"line":62,"column":17},"end":{"line":62,"column":51}},{"start":{"line":62,"column":54},"end":{"line":62,"column":58}}],"line":62}},"s":{"0":2,"1":5,"2":5,"3":5,"4":5,"5":3,"6":3,"7":1,"8":2,"9":2,"10":2,"11":2,"12":1,"13":1,"14":1,"15":5,"16":1,"17":1,"18":1},"f":{"0":5,"1":3,"2":1,"3":1,"4":1,"5":1,"6":1},"b":{"0":[1,2],"1":[3,2,2],"2":[5,2],"3":[3,2]},"_coverageSchema":"1a1c01bbd47fc00a2c39e90264f33305004495a9","hash":"4f5d02f6c38c380f51d6d8bf8b7d0ae5ace997bb"}
,"/Users/benjamindelpiano/Downloads/fullstack-take-home-2-master/client/src/select-size.js": {"path":"/Users/benjamindelpiano/Downloads/fullstack-take-home-2-master/client/src/select-size.js","statementMap":{"0":{"start":{"line":7,"column":19},"end":{"line":43,"column":1}},"1":{"start":{"line":8,"column":28},"end":{"line":8,"column":40}},"2":{"start":{"line":9,"column":67},"end":{"line":9,"column":92}},"3":{"start":{"line":11,"column":23},"end":{"line":27,"column":3}},"4":{"start":{"line":12,"column":4},"end":{"line":12,"column":27}},"5":{"start":{"line":13,"column":4},"end":{"line":26,"column":5}},"6":{"start":{"line":14,"column":6},"end":{"line":14,"column":51}},"7":{"start":{"line":16,"column":6},"end":{"line":16,"column":19}},"8":{"start":{"line":17,"column":6},"end":{"line":25,"column":57}},"9":{"start":{"line":18,"column":8},"end":{"line":23,"column":10}},"10":{"start":{"line":24,"column":8},"end":{"line":24,"column":20}},"11":{"start":{"line":25,"column":24},"end":{"line":25,"column":55}},"12":{"start":{"line":29,"column":2},"end":{"line":42,"column":4}},"13":{"start":{"line":34,"column":25},"end":{"line":34,"column":130}},"14":{"start":{"line":37,"column":25},"end":{"line":37,"column":130}}},"fnMap":{"0":{"name":"(anonymous_0)","decl":{"start":{"line":7,"column":19},"end":{"line":7,"column":20}},"loc":{"start":{"line":7,"column":94},"end":{"line":43,"column":1}},"line":7},"1":{"name":"(anonymous_1)","decl":{"start":{"line":11,"column":23},"end":{"line":11,"column":24}},"loc":{"start":{"line":11,"column":34},"end":{"line":27,"column":3}},"line":11},"2":{"name":"(anonymous_2)","decl":{"start":{"line":17,"column":120},"end":{"line":17,"column":121}},"loc":{"start":{"line":17,"column":129},"end":{"line":25,"column":7}},"line":17},"3":{"name":"(anonymous_3)","decl":{"start":{"line":25,"column":15},"end":{"line":25,"column":16}},"loc":{"start":{"line":25,"column":24},"end":{"line":25,"column":55}},"line":25},"4":{"name":"(anonymous_4)","decl":{"start":{"line":34,"column":18},"end":{"line":34,"column":19}},"loc":{"start":{"line":34,"column":25},"end":{"line":34,"column":130}},"line":34},"5":{"name":"(anonymous_5)","decl":{"start":{"line":37,"column":18},"end":{"line":37,"column":19}},"loc":{"start":{"line":37,"column":25},"end":{"line":37,"column":130}},"line":37}},"branchMap":{"0":{"loc":{"start":{"line":13,"column":4},"end":{"line":26,"column":5}},"type":"if","locations":[{"start":{"line":13,"column":4},"end":{"line":26,"column":5}},{"start":{"line":13,"column":4},"end":{"line":26,"column":5}}],"line":13},"1":{"loc":{"start":{"line":13,"column":8},"end":{"line":13,"column":64}},"type":"binary-expr","locations":[{"start":{"line":13,"column":8},"end":{"line":13,"column":34}},{"start":{"line":13,"column":38},"end":{"line":13,"column":64}}],"line":13},"2":{"loc":{"start":{"line":38,"column":74},"end":{"line":38,"column":130}},"type":"binary-expr","locations":[{"start":{"line":38,"column":74},"end":{"line":38,"column":100}},{"start":{"line":38,"column":104},"end":{"line":38,"column":130}}],"line":38},"3":{"loc":{"start":{"line":39,"column":9},"end":{"line":39,"column":58}},"type":"cond-expr","locations":[{"start":{"line":39,"column":17},"end":{"line":39,"column":51}},{"start":{"line":39,"column":54},"end":{"line":39,"column":58}}],"line":39}},"s":{"0":2,"1":7,"2":7,"3":7,"4":3,"5":3,"6":1,"7":2,"8":2,"9":1,"10":1,"11":1,"12":7,"13":1,"14":1},"f":{"0":7,"1":3,"2":1,"3":1,"4":1,"5":1},"b":{"0":[1,2],"1":[3,3],"2":[7,5],"3":[2,5]},"_coverageSchema":"1a1c01bbd47fc00a2c39e90264f33305004495a9","hash":"4f4031f03cd5af318989a0fde64b741ba4eb2454"}
,"/Users/benjamindelpiano/Downloads/fullstack-take-home-2-master/client/src/components/custom-input.js": {"path":"/Users/benjamindelpiano/Downloads/fullstack-take-home-2-master/client/src/components/custom-input.js","statementMap":{"0":{"start":{"line":3,"column":14},"end":{"line":25,"column":1}}},"fnMap":{},"branchMap":{},"s":{"0":4},"f":{},"b":{},"_coverageSchema":"1a1c01bbd47fc00a2c39e90264f33305004495a9","hash":"fddc29fb0e27792c9fc66ab9e68eb7e3a6b70a46"}
,"/Users/benjamindelpiano/Downloads/fullstack-take-home-2-master/client/src/components/error.js": {"path":"/Users/benjamindelpiano/Downloads/fullstack-take-home-2-master/client/src/components/error.js","statementMap":{"0":{"start":{"line":3,"column":14},"end":{"line":14,"column":1}}},"fnMap":{},"branchMap":{},"s":{"0":4},"f":{},"b":{},"_coverageSchema":"1a1c01bbd47fc00a2c39e90264f33305004495a9","hash":"fe964fe8077060fa3ad0b426af6b0ecf8a18cf45"}
,"/Users/benjamindelpiano/Downloads/fullstack-take-home-2-master/client/src/components/form-container.js": {"path":"/Users/benjamindelpiano/Downloads/fullstack-take-home-2-master/client/src/components/form-container.js","statementMap":{"0":{"start":{"line":3,"column":22},"end":{"line":8,"column":1}}},"fnMap":{},"branchMap":{},"s":{"0":4},"f":{},"b":{},"_coverageSchema":"1a1c01bbd47fc00a2c39e90264f33305004495a9","hash":"f0680f292b6cc734d04ea14569411143475d1b14"}
,"/Users/benjamindelpiano/Downloads/fullstack-take-home-2-master/client/src/components/select.js": {"path":"/Users/benjamindelpiano/Downloads/fullstack-take-home-2-master/client/src/components/select.js","statementMap":{"0":{"start":{"line":3,"column":15},"end":{"line":13,"column":1}}},"fnMap":{},"branchMap":{},"s":{"0":2},"f":{},"b":{},"_coverageSchema":"1a1c01bbd47fc00a2c39e90264f33305004495a9","hash":"4731292e9cb749220a22ed97502fe3dd0e5ae292"}
,"/Users/benjamindelpiano/Downloads/fullstack-take-home-2-master/client/src/gateways/axiosClient.js": {"path":"/Users/benjamindelpiano/Downloads/fullstack-take-home-2-master/client/src/gateways/axiosClient.js","statementMap":{"0":{"start":{"line":3,"column":20},"end":{"line":6,"column":2}}},"fnMap":{},"branchMap":{},"s":{"0":4},"f":{},"b":{},"_coverageSchema":"1a1c01bbd47fc00a2c39e90264f33305004495a9","hash":"43762c4bcda724f52c4fffc36461e44d79949fe2"}
}
