TN:
SF:client/src/App.js
FN:14,(anonymous_0)
FN:35,(anonymous_1)
FN:57,(anonymous_2)
FN:66,(anonymous_3)
FNF:4
FNH:4
FNDA:4,(anonymous_0)
FNDA:1,(anonymous_1)
FNDA:5,(anonymous_2)
FNDA:1,(anonymous_3)
DA:9,1
DA:14,1
DA:15,4
DA:16,4
DA:21,4
DA:28,4
DA:35,4
DA:36,1
DA:37,1
DA:38,1
DA:39,1
DA:42,4
DA:57,5
DA:66,1
LF:14
LH:14
BRDA:48,0,0,2
BRDA:48,0,1,2
BRDA:51,1,0,1
BRDA:51,1,1,1
BRDA:57,2,0,2
BRDA:57,2,1,2
BRF:6
BRH:6
end_of_record
TN:
SF:client/src/insert-instructions.js
FN:7,(anonymous_0)
FN:14,(anonymous_1)
FN:21,(anonymous_2)
FN:27,(anonymous_3)
FN:35,(anonymous_4)
FNF:5
FNH:4
FNDA:9,(anonymous_0)
FNDA:2,(anonymous_1)
FNDA:0,(anonymous_2)
FNDA:2,(anonymous_3)
FNDA:2,(anonymous_4)
DA:7,2
DA:8,9
DA:10,9
DA:12,9
DA:14,9
DA:15,2
DA:16,2
DA:17,2
DA:18,0
DA:20,2
DA:21,2
DA:22,0
DA:27,2
DA:31,9
DA:35,2
LF:15
LH:13
BRDA:17,0,0,0
BRDA:17,0,1,2
BRF:2
BRH:1
end_of_record
TN:
SF:client/src/select-initial-position.js
FN:8,(anonymous_0)
FN:16,(anonymous_1)
FN:34,(anonymous_2)
FN:41,(anonymous_3)
FN:48,(anonymous_4)
FN:50,(anonymous_5)
FN:53,(anonymous_6)
FNF:7
FNH:7
FNDA:9,(anonymous_0)
FNDA:5,(anonymous_1)
FNDA:1,(anonymous_2)
FNDA:2,(anonymous_3)
FNDA:1,(anonymous_4)
FNDA:1,(anonymous_5)
FNDA:1,(anonymous_6)
DA:8,2
DA:11,9
DA:13,9
DA:14,9
DA:16,9
DA:17,5
DA:18,5
DA:19,2
DA:21,3
DA:22,3
DA:23,3
DA:34,3
DA:35,1
DA:40,1
DA:41,2
DA:45,9
DA:48,1
DA:50,1
DA:53,1
LF:19
LH:19
BRDA:18,0,0,2
BRDA:18,0,1,3
BRDA:18,1,0,5
BRDA:18,1,1,3
BRDA:18,1,2,3
BRDA:59,2,0,9
BRDA:59,2,1,5
BRDA:60,3,0,4
BRDA:60,3,1,5
BRF:9
BRH:9
end_of_record
TN:
SF:client/src/select-size.js
FN:7,(anonymous_0)
FN:11,(anonymous_1)
FN:18,(anonymous_2)
FN:26,(anonymous_3)
FN:34,(anonymous_4)
FN:36,(anonymous_5)
FNF:6
FNH:6
FNDA:9,(anonymous_0)
FNDA:4,(anonymous_1)
FNDA:1,(anonymous_2)
FNDA:2,(anonymous_3)
FNDA:1,(anonymous_4)
FNDA:1,(anonymous_5)
DA:7,2
DA:8,9
DA:9,9
DA:11,9
DA:12,4
DA:13,4
DA:14,4
DA:15,1
DA:17,3
DA:18,3
DA:19,1
DA:25,1
DA:26,2
DA:30,9
DA:34,1
DA:36,1
LF:16
LH:16
BRDA:14,0,0,1
BRDA:14,0,1,3
BRDA:14,1,0,4
BRDA:14,1,1,4
BRDA:37,2,0,9
BRDA:37,2,1,7
BRDA:38,3,0,3
BRDA:38,3,1,6
BRF:8
BRH:8
end_of_record
TN:
SF:client/src/components/custom-input.js
FNF:0
FNH:0
DA:3,4
LF:1
LH:1
BRF:0
BRH:0
end_of_record
TN:
SF:client/src/components/error.js
FNF:0
FNH:0
DA:3,4
LF:1
LH:1
BRF:0
BRH:0
end_of_record
TN:
SF:client/src/components/form-container.js
FNF:0
FNH:0
DA:3,4
LF:1
LH:1
BRF:0
BRH:0
end_of_record
TN:
SF:client/src/components/select.js
FNF:0
FNH:0
DA:3,2
LF:1
LH:1
BRF:0
BRH:0
end_of_record
TN:
SF:client/src/gateways/axiosClient.js
FNF:0
FNH:0
DA:3,4
LF:1
LH:1
BRF:0
BRH:0
end_of_record
