TN:
SF:client/src/App.js
FN:14,(anonymous_0)
FN:35,(anonymous_1)
FN:57,(anonymous_2)
FN:66,(anonymous_3)
FNF:4
FNH:4
FNDA:4,(anonymous_0)
FNDA:1,(anonymous_1)
FNDA:5,(anonymous_2)
FNDA:1,(anonymous_3)
DA:9,1
DA:14,1
DA:15,4
DA:16,4
DA:21,4
DA:28,4
DA:35,4
DA:36,1
DA:37,1
DA:38,1
DA:39,1
DA:42,4
DA:57,5
DA:66,1
LF:14
LH:14
BRDA:48,0,0,2
BRDA:48,0,1,2
BRDA:51,1,0,1
BRDA:51,1,1,1
BRDA:57,2,0,2
BRDA:57,2,1,2
BRF:6
BRH:6
end_of_record
TN:
SF:client/src/insert-instructions.js
FN:7,(anonymous_0)
FN:11,(anonymous_1)
FN:17,(anonymous_2)
FN:23,(anonymous_3)
FN:33,(anonymous_4)
FNF:5
FNH:5
FNDA:7,(anonymous_0)
FNDA:3,(anonymous_1)
FNDA:1,(anonymous_2)
FNDA:1,(anonymous_3)
FNDA:1,(anonymous_4)
DA:7,2
DA:8,7
DA:9,7
DA:11,7
DA:12,3
DA:13,3
DA:14,1
DA:16,2
DA:17,2
DA:18,1
DA:23,1
DA:27,7
DA:33,1
LF:13
LH:13
BRDA:13,0,0,1
BRDA:13,0,1,2
BRDA:35,1,0,3
BRDA:35,1,1,4
BRF:4
BRH:4
end_of_record
TN:
SF:client/src/select-initial-position.js
FN:8,(anonymous_0)
FN:16,(anonymous_1)
FN:34,(anonymous_2)
FN:41,(anonymous_3)
FN:49,(anonymous_4)
FN:52,(anonymous_5)
FN:55,(anonymous_6)
FNF:7
FNH:7
FNDA:5,(anonymous_0)
FNDA:3,(anonymous_1)
FNDA:1,(anonymous_2)
FNDA:1,(anonymous_3)
FNDA:1,(anonymous_4)
FNDA:1,(anonymous_5)
FNDA:1,(anonymous_6)
DA:8,2
DA:11,5
DA:13,5
DA:14,5
DA:16,5
DA:17,3
DA:18,3
DA:19,1
DA:21,2
DA:22,2
DA:23,2
DA:34,2
DA:35,1
DA:40,1
DA:41,1
DA:45,5
DA:49,1
DA:52,1
DA:55,1
LF:19
LH:19
BRDA:18,0,0,1
BRDA:18,0,1,2
BRDA:18,1,0,3
BRDA:18,1,1,2
BRDA:18,1,2,2
BRDA:61,2,0,5
BRDA:61,2,1,2
BRDA:62,3,0,3
BRDA:62,3,1,2
BRF:9
BRH:9
end_of_record
TN:
SF:client/src/select-size.js
FN:7,(anonymous_0)
FN:11,(anonymous_1)
FN:17,(anonymous_2)
FN:25,(anonymous_3)
FN:34,(anonymous_4)
FN:37,(anonymous_5)
FNF:6
FNH:6
FNDA:7,(anonymous_0)
FNDA:3,(anonymous_1)
FNDA:1,(anonymous_2)
FNDA:1,(anonymous_3)
FNDA:1,(anonymous_4)
FNDA:1,(anonymous_5)
DA:7,2
DA:8,7
DA:9,7
DA:11,7
DA:12,3
DA:13,3
DA:14,1
DA:16,2
DA:17,2
DA:18,1
DA:24,1
DA:25,1
DA:29,7
DA:34,1
DA:37,1
LF:15
LH:15
BRDA:13,0,0,1
BRDA:13,0,1,2
BRDA:13,1,0,3
BRDA:13,1,1,3
BRDA:38,2,0,7
BRDA:38,2,1,5
BRDA:39,3,0,2
BRDA:39,3,1,5
BRF:8
BRH:8
end_of_record
TN:
SF:client/src/components/custom-input.js
FNF:0
FNH:0
DA:3,4
LF:1
LH:1
BRF:0
BRH:0
end_of_record
TN:
SF:client/src/components/error.js
FNF:0
FNH:0
DA:3,4
LF:1
LH:1
BRF:0
BRH:0
end_of_record
TN:
SF:client/src/components/form-container.js
FNF:0
FNH:0
DA:3,4
LF:1
LH:1
BRF:0
BRH:0
end_of_record
TN:
SF:client/src/components/select.js
FNF:0
FNH:0
DA:3,2
LF:1
LH:1
BRF:0
BRH:0
end_of_record
TN:
SF:client/src/gateways/axiosClient.js
FNF:0
FNH:0
DA:3,4
LF:1
LH:1
BRF:0
BRH:0
end_of_record
